<?xml version="1.0" encoding="UTF-8"?>
<coverage generated="1554662314371" clover="3.2.0">
  <project timestamp="1554662314371" name="All files">
    <metrics statements="75" coveredstatements="58" conditionals="31" coveredconditionals="19" methods="44" coveredmethods="36" elements="150" coveredelements="113" complexity="0" loc="75" ncloc="75" packages="4" files="17" classes="17"/>
    <package name="src">
      <metrics statements="1" coveredstatements="0" conditionals="0" coveredconditionals="0" methods="0" coveredmethods="0"/>
      <file name="index.jsx" path="C:\Custom\Mine\ReactJSMentoringProgram\Homework\react-mentoring-program\client\src\index.jsx">
        <metrics statements="1" coveredstatements="0" conditionals="0" coveredconditionals="0" methods="0" coveredmethods="0"/>
        <line num="6" count="0" type="stmt"/>
      </file>
    </package>
    <package name="src.components">
      <metrics statements="48" coveredstatements="32" conditionals="23" coveredconditionals="11" methods="32" coveredmethods="24"/>
      <file name="BackToSearch.jsx" path="C:\Custom\Mine\ReactJSMentoringProgram\Homework\react-mentoring-program\client\src\components\BackToSearch.jsx">
        <metrics statements="3" coveredstatements="2" conditionals="0" coveredconditionals="0" methods="2" coveredmethods="1"/>
        <line num="3" count="1" type="stmt"/>
        <line num="4" count="1" type="stmt"/>
        <line num="5" count="0" type="stmt"/>
      </file>
      <file name="EmptyMoviesResults.jsx" path="C:\Custom\Mine\ReactJSMentoringProgram\Homework\react-mentoring-program\client\src\components\EmptyMoviesResults.jsx">
        <metrics statements="1" coveredstatements="1" conditionals="0" coveredconditionals="0" methods="1" coveredmethods="1"/>
        <line num="5" count="4" type="stmt"/>
      </file>
      <file name="Movie.jsx" path="C:\Custom\Mine\ReactJSMentoringProgram\Homework\react-mentoring-program\client\src\components\Movie.jsx">
        <metrics statements="2" coveredstatements="2" conditionals="0" coveredconditionals="0" methods="2" coveredmethods="2"/>
        <line num="8" count="2" type="stmt"/>
        <line num="9" count="24" type="stmt"/>
      </file>
      <file name="MovieDetails.jsx" path="C:\Custom\Mine\ReactJSMentoringProgram\Homework\react-mentoring-program\client\src\components\MovieDetails.jsx">
        <metrics statements="1" coveredstatements="1" conditionals="0" coveredconditionals="0" methods="1" coveredmethods="1"/>
        <line num="8" count="2" type="stmt"/>
      </file>
      <file name="MoviePage.jsx" path="C:\Custom\Mine\ReactJSMentoringProgram\Homework\react-mentoring-program\client\src\components\MoviePage.jsx">
        <metrics statements="1" coveredstatements="1" conditionals="0" coveredconditionals="0" methods="1" coveredmethods="1"/>
        <line num="7" count="1" type="stmt"/>
      </file>
      <file name="MoviesContainer.jsx" path="C:\Custom\Mine\ReactJSMentoringProgram\Homework\react-mentoring-program\client\src\components\MoviesContainer.jsx">
        <metrics statements="30" coveredstatements="17" conditionals="19" coveredconditionals="9" methods="17" coveredmethods="11"/>
        <line num="12" count="3" type="stmt"/>
        <line num="13" count="3" type="stmt"/>
        <line num="24" count="3" type="stmt"/>
        <line num="30" count="0" type="stmt"/>
        <line num="31" count="0" type="stmt"/>
        <line num="35" count="0" type="cond" truecount="0" falsecount="2"/>
        <line num="36" count="0" type="stmt"/>
        <line num="38" count="0" type="stmt"/>
        <line num="44" count="42" type="stmt"/>
        <line num="48" count="0" type="stmt"/>
        <line num="52" count="4" type="cond" truecount="2" falsecount="1"/>
        <line num="54" count="0" type="stmt"/>
        <line num="57" count="4" type="stmt"/>
        <line num="62" count="0" type="cond" truecount="0" falsecount="2"/>
        <line num="63" count="0" type="stmt"/>
        <line num="65" count="0" type="stmt"/>
        <line num="72" count="1" type="stmt"/>
        <line num="73" count="1" type="cond" truecount="1" falsecount="1"/>
        <line num="74" count="7" type="stmt"/>
        <line num="76" count="0" type="cond" truecount="0" falsecount="2"/>
        <line num="77" count="0" type="stmt"/>
        <line num="79" count="1" type="stmt"/>
        <line num="85" count="1" type="stmt"/>
        <line num="92" count="1" type="cond" truecount="1" falsecount="1"/>
        <line num="93" count="7" type="cond" truecount="2" falsecount="0"/>
        <line num="97" count="8" type="cond" truecount="1" falsecount="1"/>
        <line num="98" count="0" type="stmt"/>
        <line num="103" count="8" type="cond" truecount="2" falsecount="0"/>
        <line num="105" count="7" type="stmt"/>
        <line num="117" count="1" type="stmt"/>
      </file>
      <file name="MoviesList.jsx" path="C:\Custom\Mine\ReactJSMentoringProgram\Homework\react-mentoring-program\client\src\components\MoviesList.jsx">
        <metrics statements="2" coveredstatements="2" conditionals="0" coveredconditionals="0" methods="2" coveredmethods="2"/>
        <line num="4" count="1" type="stmt"/>
        <line num="5" count="22" type="stmt"/>
      </file>
      <file name="MoviesResults.jsx" path="C:\Custom\Mine\ReactJSMentoringProgram\Homework\react-mentoring-program\client\src\components\MoviesResults.jsx">
        <metrics statements="1" coveredstatements="1" conditionals="2" coveredconditionals="2" methods="1" coveredmethods="1"/>
        <line num="9" count="7" type="stmt"/>
      </file>
      <file name="MoviesSummary.jsx" path="C:\Custom\Mine\ReactJSMentoringProgram\Homework\react-mentoring-program\client\src\components\MoviesSummary.jsx">
        <metrics statements="1" coveredstatements="1" conditionals="0" coveredconditionals="0" methods="1" coveredmethods="1"/>
        <line num="7" count="3" type="stmt"/>
      </file>
      <file name="SearchContainer.jsx" path="C:\Custom\Mine\ReactJSMentoringProgram\Homework\react-mentoring-program\client\src\components\SearchContainer.jsx">
        <metrics statements="6" coveredstatements="4" conditionals="2" coveredconditionals="0" methods="4" coveredmethods="3"/>
        <line num="4" count="1" type="stmt"/>
        <line num="8" count="0" type="cond" truecount="0" falsecount="2"/>
        <line num="9" count="0" type="stmt"/>
        <line num="14" count="7" type="stmt"/>
        <line num="20" count="12" type="stmt"/>
        <line num="24" count="1" type="stmt"/>
      </file>
    </package>
    <package name="src.components.SearchFilter">
      <metrics statements="13" coveredstatements="13" conditionals="4" coveredconditionals="4" methods="6" coveredmethods="6"/>
      <file name="SearchFilter.jsx" path="C:\Custom\Mine\ReactJSMentoringProgram\Homework\react-mentoring-program\client\src\components\SearchFilter\SearchFilter.jsx">
        <metrics statements="7" coveredstatements="7" conditionals="4" coveredconditionals="4" methods="4" coveredmethods="4"/>
        <line num="9" count="18" type="stmt"/>
        <line num="11" count="18" type="cond" truecount="2" falsecount="0"/>
        <line num="15" count="18" type="cond" truecount="2" falsecount="0"/>
        <line num="16" count="9" type="stmt"/>
        <line num="17" count="9" type="stmt"/>
        <line num="22" count="18" type="stmt"/>
        <line num="24" count="1" type="stmt"/>
      </file>
      <file name="SearchFilterList.jsx" path="C:\Custom\Mine\ReactJSMentoringProgram\Homework\react-mentoring-program\client\src\components\SearchFilter\SearchFilterList.jsx">
        <metrics statements="5" coveredstatements="5" conditionals="0" coveredconditionals="0" methods="2" coveredmethods="2"/>
        <line num="7" count="2" type="stmt"/>
        <line num="8" count="8" type="stmt"/>
        <line num="9" count="16" type="stmt"/>
        <line num="17" count="8" type="stmt"/>
        <line num="25" count="2" type="stmt"/>
      </file>
      <file name="searchFilterType.js" path="C:\Custom\Mine\ReactJSMentoringProgram\Homework\react-mentoring-program\client\src\components\SearchFilter\searchFilterType.js">
        <metrics statements="1" coveredstatements="1" conditionals="0" coveredconditionals="0" methods="0" coveredmethods="0"/>
        <line num="3" count="3" type="stmt"/>
      </file>
    </package>
    <package name="src.components.Sort">
      <metrics statements="13" coveredstatements="13" conditionals="4" coveredconditionals="4" methods="6" coveredmethods="6"/>
      <file name="SortOption.jsx" path="C:\Custom\Mine\ReactJSMentoringProgram\Homework\react-mentoring-program\client\src\components\Sort\SortOption.jsx">
        <metrics statements="7" coveredstatements="7" conditionals="4" coveredconditionals="4" methods="4" coveredmethods="4"/>
        <line num="9" count="13" type="stmt"/>
        <line num="11" count="13" type="cond" truecount="2" falsecount="0"/>
        <line num="15" count="13" type="cond" truecount="2" falsecount="0"/>
        <line num="16" count="6" type="stmt"/>
        <line num="17" count="7" type="stmt"/>
        <line num="22" count="13" type="stmt"/>
        <line num="24" count="1" type="stmt"/>
      </file>
      <file name="SortOptionsList.jsx" path="C:\Custom\Mine\ReactJSMentoringProgram\Homework\react-mentoring-program\client\src\components\Sort\SortOptionsList.jsx">
        <metrics statements="5" coveredstatements="5" conditionals="0" coveredconditionals="0" methods="2" coveredmethods="2"/>
        <line num="10" count="2" type="stmt"/>
        <line num="11" count="4" type="stmt"/>
        <line num="12" count="8" type="stmt"/>
        <line num="20" count="4" type="stmt"/>
        <line num="28" count="2" type="stmt"/>
      </file>
      <file name="sortType.js" path="C:\Custom\Mine\ReactJSMentoringProgram\Homework\react-mentoring-program\client\src\components\Sort\sortType.js">
        <metrics statements="1" coveredstatements="1" conditionals="0" coveredconditionals="0" methods="0" coveredmethods="0"/>
        <line num="3" count="3" type="stmt"/>
      </file>
    </package>
  </project>
</coverage>
