{"C:\\Custom\\Mine\\ReactJSMentoringProgram\\Homework\\react-mentoring-program\\client\\src\\index.jsx": {"path":"C:\\Custom\\Mine\\ReactJSMentoringProgram\\Homework\\react-mentoring-program\\client\\src\\index.jsx","statementMap":{"0":{"start":{"line":6,"column":0},"end":{"line":6,"column":70}}},"fnMap":{},"branchMap":{},"s":{"0":0},"f":{},"b":{}}
,"C:\\Custom\\Mine\\ReactJSMentoringProgram\\Homework\\react-mentoring-program\\client\\src\\components\\BackToSearch.jsx": {"path":"C:\\Custom\\Mine\\ReactJSMentoringProgram\\Homework\\react-mentoring-program\\client\\src\\components\\BackToSearch.jsx","statementMap":{"0":{"start":{"line":3,"column":19},"end":{"line":7,"column":1}},"1":{"start":{"line":4,"column":4},"end":{"line":6,"column":10}},"2":{"start":{"line":5,"column":29},"end":{"line":5,"column":48}}},"fnMap":{"0":{"name":"(anonymous_0)","decl":{"start":{"line":3,"column":19},"end":{"line":3,"column":20}},"loc":{"start":{"line":4,"column":4},"end":{"line":6,"column":10}},"line":4},"1":{"name":"(anonymous_1)","decl":{"start":{"line":5,"column":25},"end":{"line":5,"column":26}},"loc":{"start":{"line":5,"column":29},"end":{"line":5,"column":48}},"line":5}},"branchMap":{},"s":{"0":1,"1":1,"2":0},"f":{"0":1,"1":0},"b":{},"_coverageSchema":"43e27e138ebf9cfc5966b082cf9a028302ed4184","hash":"4612e0718385514f97fcb12f9601aafdf7f6643f"}
,"C:\\Custom\\Mine\\ReactJSMentoringProgram\\Homework\\react-mentoring-program\\client\\src\\components\\EmptyMoviesResults.jsx": {"path":"C:\\Custom\\Mine\\ReactJSMentoringProgram\\Homework\\react-mentoring-program\\client\\src\\components\\EmptyMoviesResults.jsx","statementMap":{"0":{"start":{"line":5,"column":8},"end":{"line":7,"column":9}}},"fnMap":{"0":{"name":"(anonymous_0)","decl":{"start":{"line":4,"column":4},"end":{"line":4,"column":5}},"loc":{"start":{"line":4,"column":12},"end":{"line":8,"column":5}},"line":4}},"branchMap":{},"s":{"0":4},"f":{"0":4},"b":{},"_coverageSchema":"43e27e138ebf9cfc5966b082cf9a028302ed4184","hash":"4699c09464f48316fed982333f349b1acd0ca6fc"}
,"C:\\Custom\\Mine\\ReactJSMentoringProgram\\Homework\\react-mentoring-program\\client\\src\\components\\Movie.jsx": {"path":"C:\\Custom\\Mine\\ReactJSMentoringProgram\\Homework\\react-mentoring-program\\client\\src\\components\\Movie.jsx","statementMap":{"0":{"start":{"line":8,"column":12},"end":{"line":15,"column":1}},"1":{"start":{"line":9,"column":4},"end":{"line":14,"column":10}},"2":{"start":{"line":9,"column":40},"end":{"line":9,"column":60}}},"fnMap":{"0":{"name":"(anonymous_0)","decl":{"start":{"line":8,"column":12},"end":{"line":8,"column":13}},"loc":{"start":{"line":9,"column":4},"end":{"line":14,"column":10}},"line":9},"1":{"name":"(anonymous_1)","decl":{"start":{"line":9,"column":36},"end":{"line":9,"column":37}},"loc":{"start":{"line":9,"column":40},"end":{"line":9,"column":60}},"line":9}},"branchMap":{},"s":{"0":2,"1":24,"2":2},"f":{"0":24,"1":2},"b":{},"_coverageSchema":"43e27e138ebf9cfc5966b082cf9a028302ed4184","hash":"adbce207412f014795550aa4ee96ddacad891a66"}
,"C:\\Custom\\Mine\\ReactJSMentoringProgram\\Homework\\react-mentoring-program\\client\\src\\components\\MovieDetails.jsx": {"path":"C:\\Custom\\Mine\\ReactJSMentoringProgram\\Homework\\react-mentoring-program\\client\\src\\components\\MovieDetails.jsx","statementMap":{"0":{"start":{"line":8,"column":8},"end":{"line":20,"column":10}}},"fnMap":{"0":{"name":"(anonymous_0)","decl":{"start":{"line":7,"column":4},"end":{"line":7,"column":5}},"loc":{"start":{"line":7,"column":12},"end":{"line":21,"column":5}},"line":7}},"branchMap":{},"s":{"0":2},"f":{"0":2},"b":{},"_coverageSchema":"43e27e138ebf9cfc5966b082cf9a028302ed4184","hash":"c21b75a985b14240230c7dc615811973cb41a7fb"}
,"C:\\Custom\\Mine\\ReactJSMentoringProgram\\Homework\\react-mentoring-program\\client\\src\\components\\MoviePage.jsx": {"path":"C:\\Custom\\Mine\\ReactJSMentoringProgram\\Homework\\react-mentoring-program\\client\\src\\components\\MoviePage.jsx","statementMap":{"0":{"start":{"line":7,"column":8},"end":{"line":13,"column":10}}},"fnMap":{"0":{"name":"(anonymous_0)","decl":{"start":{"line":6,"column":4},"end":{"line":6,"column":5}},"loc":{"start":{"line":6,"column":12},"end":{"line":14,"column":5}},"line":6}},"branchMap":{},"s":{"0":1},"f":{"0":1},"b":{},"_coverageSchema":"43e27e138ebf9cfc5966b082cf9a028302ed4184","hash":"743224794100f2e7b92a8e9973fc876f00cf0805"}
,"C:\\Custom\\Mine\\ReactJSMentoringProgram\\Homework\\react-mentoring-program\\client\\src\\components\\MoviesContainer.jsx": {"path":"C:\\Custom\\Mine\\ReactJSMentoringProgram\\Homework\\react-mentoring-program\\client\\src\\components\\MoviesContainer.jsx","statementMap":{"0":{"start":{"line":12,"column":8},"end":{"line":12,"column":16}},"1":{"start":{"line":13,"column":8},"end":{"line":20,"column":10}},"2":{"start":{"line":24,"column":8},"end":{"line":26,"column":11}},"3":{"start":{"line":30,"column":8},"end":{"line":30,"column":39}},"4":{"start":{"line":31,"column":8},"end":{"line":31,"column":53}},"5":{"start":{"line":35,"column":8},"end":{"line":36,"column":19}},"6":{"start":{"line":36,"column":12},"end":{"line":36,"column":19}},"7":{"start":{"line":38,"column":8},"end":{"line":40,"column":15}},"8":{"start":{"line":44,"column":8},"end":{"line":44,"column":76}},"9":{"start":{"line":48,"column":8},"end":{"line":48,"column":56}},"10":{"start":{"line":52,"column":8},"end":{"line":58,"column":9}},"11":{"start":{"line":54,"column":16},"end":{"line":54,"column":61}},"12":{"start":{"line":57,"column":16},"end":{"line":57,"column":66}},"13":{"start":{"line":62,"column":8},"end":{"line":63,"column":19}},"14":{"start":{"line":63,"column":12},"end":{"line":63,"column":19}},"15":{"start":{"line":65,"column":8},"end":{"line":68,"column":11}},"16":{"start":{"line":72,"column":29},"end":{"line":72,"column":40}},"17":{"start":{"line":73,"column":8},"end":{"line":78,"column":9}},"18":{"start":{"line":74,"column":12},"end":{"line":74,"column":122}},"19":{"start":{"line":74,"column":59},"end":{"line":74,"column":120}},"20":{"start":{"line":76,"column":13},"end":{"line":78,"column":9}},"21":{"start":{"line":77,"column":12},"end":{"line":77,"column":140}},"22":{"start":{"line":77,"column":59},"end":{"line":77,"column":138}},"23":{"start":{"line":77,"column":83},"end":{"line":77,"column":101}},"24":{"start":{"line":79,"column":8},"end":{"line":81,"column":10}},"25":{"start":{"line":85,"column":8},"end":{"line":88,"column":11}},"26":{"start":{"line":92,"column":8},"end":{"line":92,"column":46}},"27":{"start":{"line":92,"column":36},"end":{"line":92,"column":46}},"28":{"start":{"line":93,"column":8},"end":{"line":93,"column":168}},"29":{"start":{"line":93,"column":45},"end":{"line":93,"column":166}},"30":{"start":{"line":93,"column":69},"end":{"line":93,"column":87}},"31":{"start":{"line":97,"column":8},"end":{"line":101,"column":9}},"32":{"start":{"line":98,"column":12},"end":{"line":100,"column":14}},"33":{"start":{"line":103,"column":8},"end":{"line":115,"column":9}},"34":{"start":{"line":105,"column":12},"end":{"line":114,"column":14}},"35":{"start":{"line":117,"column":8},"end":{"line":122,"column":10}}},"fnMap":{"0":{"name":"(anonymous_0)","decl":{"start":{"line":11,"column":4},"end":{"line":11,"column":5}},"loc":{"start":{"line":11,"column":18},"end":{"line":21,"column":5}},"line":11},"1":{"name":"(anonymous_1)","decl":{"start":{"line":23,"column":4},"end":{"line":23,"column":5}},"loc":{"start":{"line":23,"column":24},"end":{"line":27,"column":5}},"line":23},"2":{"name":"(anonymous_2)","decl":{"start":{"line":29,"column":4},"end":{"line":29,"column":5}},"loc":{"start":{"line":29,"column":34},"end":{"line":32,"column":5}},"line":29},"3":{"name":"(anonymous_3)","decl":{"start":{"line":34,"column":4},"end":{"line":34,"column":5}},"loc":{"start":{"line":34,"column":25},"end":{"line":41,"column":5}},"line":34},"4":{"name":"(anonymous_4)","decl":{"start":{"line":43,"column":4},"end":{"line":43,"column":5}},"loc":{"start":{"line":43,"column":37},"end":{"line":45,"column":5}},"line":43},"5":{"name":"(anonymous_5)","decl":{"start":{"line":47,"column":4},"end":{"line":47,"column":5}},"loc":{"start":{"line":47,"column":32},"end":{"line":49,"column":5}},"line":47},"6":{"name":"(anonymous_6)","decl":{"start":{"line":51,"column":4},"end":{"line":51,"column":5}},"loc":{"start":{"line":51,"column":27},"end":{"line":59,"column":5}},"line":51},"7":{"name":"(anonymous_7)","decl":{"start":{"line":61,"column":4},"end":{"line":61,"column":5}},"loc":{"start":{"line":61,"column":27},"end":{"line":69,"column":5}},"line":61},"8":{"name":"(anonymous_8)","decl":{"start":{"line":71,"column":4},"end":{"line":71,"column":5}},"loc":{"start":{"line":71,"column":26},"end":{"line":82,"column":5}},"line":71},"9":{"name":"(anonymous_9)","decl":{"start":{"line":74,"column":48},"end":{"line":74,"column":49}},"loc":{"start":{"line":74,"column":59},"end":{"line":74,"column":120}},"line":74},"10":{"name":"(anonymous_10)","decl":{"start":{"line":77,"column":48},"end":{"line":77,"column":49}},"loc":{"start":{"line":77,"column":59},"end":{"line":77,"column":138}},"line":77},"11":{"name":"(anonymous_11)","decl":{"start":{"line":77,"column":75},"end":{"line":77,"column":76}},"loc":{"start":{"line":77,"column":83},"end":{"line":77,"column":101}},"line":77},"12":{"name":"(anonymous_12)","decl":{"start":{"line":84,"column":4},"end":{"line":84,"column":5}},"loc":{"start":{"line":84,"column":24},"end":{"line":89,"column":5}},"line":84},"13":{"name":"(anonymous_13)","decl":{"start":{"line":91,"column":4},"end":{"line":91,"column":5}},"loc":{"start":{"line":91,"column":43},"end":{"line":94,"column":5}},"line":91},"14":{"name":"(anonymous_14)","decl":{"start":{"line":93,"column":34},"end":{"line":93,"column":35}},"loc":{"start":{"line":93,"column":45},"end":{"line":93,"column":166}},"line":93},"15":{"name":"(anonymous_15)","decl":{"start":{"line":93,"column":61},"end":{"line":93,"column":62}},"loc":{"start":{"line":93,"column":69},"end":{"line":93,"column":87}},"line":93},"16":{"name":"(anonymous_16)","decl":{"start":{"line":96,"column":4},"end":{"line":96,"column":5}},"loc":{"start":{"line":96,"column":13},"end":{"line":123,"column":5}},"line":96}},"branchMap":{"0":{"loc":{"start":{"line":35,"column":8},"end":{"line":36,"column":19}},"type":"if","locations":[{"start":{"line":35,"column":8},"end":{"line":36,"column":19}},{"start":{"line":35,"column":8},"end":{"line":36,"column":19}}],"line":35},"1":{"loc":{"start":{"line":52,"column":8},"end":{"line":58,"column":9}},"type":"switch","locations":[{"start":{"line":53,"column":12},"end":{"line":54,"column":61}},{"start":{"line":55,"column":12},"end":{"line":55,"column":39}},{"start":{"line":56,"column":12},"end":{"line":57,"column":66}}],"line":52},"2":{"loc":{"start":{"line":62,"column":8},"end":{"line":63,"column":19}},"type":"if","locations":[{"start":{"line":62,"column":8},"end":{"line":63,"column":19}},{"start":{"line":62,"column":8},"end":{"line":63,"column":19}}],"line":62},"3":{"loc":{"start":{"line":73,"column":8},"end":{"line":78,"column":9}},"type":"if","locations":[{"start":{"line":73,"column":8},"end":{"line":78,"column":9}},{"start":{"line":73,"column":8},"end":{"line":78,"column":9}}],"line":73},"4":{"loc":{"start":{"line":76,"column":13},"end":{"line":78,"column":9}},"type":"if","locations":[{"start":{"line":76,"column":13},"end":{"line":78,"column":9}},{"start":{"line":76,"column":13},"end":{"line":78,"column":9}}],"line":76},"5":{"loc":{"start":{"line":92,"column":8},"end":{"line":92,"column":46}},"type":"if","locations":[{"start":{"line":92,"column":8},"end":{"line":92,"column":46}},{"start":{"line":92,"column":8},"end":{"line":92,"column":46}}],"line":92},"6":{"loc":{"start":{"line":93,"column":45},"end":{"line":93,"column":166}},"type":"binary-expr","locations":[{"start":{"line":93,"column":45},"end":{"line":93,"column":135}},{"start":{"line":93,"column":137},"end":{"line":93,"column":166}}],"line":93},"7":{"loc":{"start":{"line":97,"column":8},"end":{"line":101,"column":9}},"type":"if","locations":[{"start":{"line":97,"column":8},"end":{"line":101,"column":9}},{"start":{"line":97,"column":8},"end":{"line":101,"column":9}}],"line":97},"8":{"loc":{"start":{"line":103,"column":8},"end":{"line":115,"column":9}},"type":"if","locations":[{"start":{"line":103,"column":8},"end":{"line":115,"column":9}},{"start":{"line":103,"column":8},"end":{"line":115,"column":9}}],"line":103}},"s":{"0":3,"1":3,"2":3,"3":0,"4":0,"5":0,"6":0,"7":0,"8":42,"9":0,"10":4,"11":0,"12":4,"13":0,"14":0,"15":0,"16":1,"17":1,"18":1,"19":7,"20":0,"21":0,"22":0,"23":0,"24":1,"25":1,"26":1,"27":0,"28":1,"29":7,"30":7,"31":8,"32":0,"33":8,"34":7,"35":1},"f":{"0":3,"1":3,"2":0,"3":0,"4":42,"5":0,"6":4,"7":0,"8":1,"9":7,"10":0,"11":0,"12":1,"13":1,"14":7,"15":7,"16":8},"b":{"0":[0,0],"1":[0,4,4],"2":[0,0],"3":[1,0],"4":[0,0],"5":[0,1],"6":[7,2],"7":[0,8],"8":[7,1]},"_coverageSchema":"43e27e138ebf9cfc5966b082cf9a028302ed4184","hash":"4a34f32600592184645b789c1dda24856186f0f5"}
,"C:\\Custom\\Mine\\ReactJSMentoringProgram\\Homework\\react-mentoring-program\\client\\src\\components\\MoviesList.jsx": {"path":"C:\\Custom\\Mine\\ReactJSMentoringProgram\\Homework\\react-mentoring-program\\client\\src\\components\\MoviesList.jsx","statementMap":{"0":{"start":{"line":4,"column":17},"end":{"line":6,"column":1}},"1":{"start":{"line":5,"column":4},"end":{"line":5,"column":103}},"2":{"start":{"line":5,"column":28},"end":{"line":5,"column":95}}},"fnMap":{"0":{"name":"(anonymous_0)","decl":{"start":{"line":4,"column":17},"end":{"line":4,"column":18}},"loc":{"start":{"line":5,"column":4},"end":{"line":5,"column":103}},"line":5},"1":{"name":"(anonymous_1)","decl":{"start":{"line":5,"column":19},"end":{"line":5,"column":20}},"loc":{"start":{"line":5,"column":28},"end":{"line":5,"column":95}},"line":5}},"branchMap":{},"s":{"0":1,"1":4,"2":22},"f":{"0":4,"1":22},"b":{},"_coverageSchema":"43e27e138ebf9cfc5966b082cf9a028302ed4184","hash":"def77dff5688e445bd4c09dd7c6c715c9ec688a2"}
,"C:\\Custom\\Mine\\ReactJSMentoringProgram\\Homework\\react-mentoring-program\\client\\src\\components\\MoviesResults.jsx": {"path":"C:\\Custom\\Mine\\ReactJSMentoringProgram\\Homework\\react-mentoring-program\\client\\src\\components\\MoviesResults.jsx","statementMap":{"0":{"start":{"line":9,"column":8},"end":{"line":15,"column":10}}},"fnMap":{"0":{"name":"(anonymous_0)","decl":{"start":{"line":8,"column":4},"end":{"line":8,"column":5}},"loc":{"start":{"line":8,"column":13},"end":{"line":16,"column":5}},"line":8}},"branchMap":{"0":{"loc":{"start":{"line":12,"column":21},"end":{"line":12,"column":315}},"type":"cond-expr","locations":[{"start":{"line":12,"column":54},"end":{"line":12,"column":74}},{"start":{"line":12,"column":77},"end":{"line":12,"column":315}}],"line":12}},"s":{"0":7},"f":{"0":7},"b":{"0":[4,3]},"_coverageSchema":"43e27e138ebf9cfc5966b082cf9a028302ed4184","hash":"13abc26e90e9fddb612fcbdf51683751f9b99268"}
,"C:\\Custom\\Mine\\ReactJSMentoringProgram\\Homework\\react-mentoring-program\\client\\src\\components\\MoviesSummary.jsx": {"path":"C:\\Custom\\Mine\\ReactJSMentoringProgram\\Homework\\react-mentoring-program\\client\\src\\components\\MoviesSummary.jsx","statementMap":{"0":{"start":{"line":7,"column":8},"end":{"line":9,"column":10}}},"fnMap":{"0":{"name":"(anonymous_0)","decl":{"start":{"line":6,"column":4},"end":{"line":6,"column":5}},"loc":{"start":{"line":6,"column":12},"end":{"line":10,"column":5}},"line":6}},"branchMap":{},"s":{"0":3},"f":{"0":3},"b":{},"_coverageSchema":"43e27e138ebf9cfc5966b082cf9a028302ed4184","hash":"b3bb607a4968b8fe81b6c80ca93d6b2fac5bdaa7"}
,"C:\\Custom\\Mine\\ReactJSMentoringProgram\\Homework\\react-mentoring-program\\client\\src\\components\\SearchContainer.jsx": {"path":"C:\\Custom\\Mine\\ReactJSMentoringProgram\\Homework\\react-mentoring-program\\client\\src\\components\\SearchContainer.jsx","statementMap":{"0":{"start":{"line":4,"column":23},"end":{"line":4,"column":25}},"1":{"start":{"line":8,"column":8},"end":{"line":10,"column":9}},"2":{"start":{"line":9,"column":12},"end":{"line":9,"column":50}},"3":{"start":{"line":14,"column":8},"end":{"line":27,"column":10}},"4":{"start":{"line":20,"column":53},"end":{"line":20,"column":69}},"5":{"start":{"line":24,"column":53},"end":{"line":24,"column":90}}},"fnMap":{"0":{"name":"(anonymous_0)","decl":{"start":{"line":7,"column":4},"end":{"line":7,"column":5}},"loc":{"start":{"line":7,"column":24},"end":{"line":11,"column":5}},"line":7},"1":{"name":"(anonymous_1)","decl":{"start":{"line":13,"column":4},"end":{"line":13,"column":5}},"loc":{"start":{"line":13,"column":12},"end":{"line":28,"column":5}},"line":13},"2":{"name":"(anonymous_2)","decl":{"start":{"line":20,"column":44},"end":{"line":20,"column":45}},"loc":{"start":{"line":20,"column":53},"end":{"line":20,"column":69}},"line":20},"3":{"name":"(anonymous_3)","decl":{"start":{"line":24,"column":49},"end":{"line":24,"column":50}},"loc":{"start":{"line":24,"column":53},"end":{"line":24,"column":90}},"line":24}},"branchMap":{"0":{"loc":{"start":{"line":8,"column":8},"end":{"line":10,"column":9}},"type":"if","locations":[{"start":{"line":8,"column":8},"end":{"line":10,"column":9}},{"start":{"line":8,"column":8},"end":{"line":10,"column":9}}],"line":8}},"s":{"0":1,"1":0,"2":0,"3":7,"4":12,"5":1},"f":{"0":0,"1":7,"2":12,"3":1},"b":{"0":[0,0]},"_coverageSchema":"43e27e138ebf9cfc5966b082cf9a028302ed4184","hash":"92cf8054f7d91d558f28833d5f8159898dc4d1cd"}
,"C:\\Custom\\Mine\\ReactJSMentoringProgram\\Homework\\react-mentoring-program\\client\\src\\components\\SearchFilter\\SearchFilter.jsx": {"path":"C:\\Custom\\Mine\\ReactJSMentoringProgram\\Homework\\react-mentoring-program\\client\\src\\components\\SearchFilter\\SearchFilter.jsx","statementMap":{"0":{"start":{"line":9,"column":33},"end":{"line":9,"column":79}},"1":{"start":{"line":11,"column":8},"end":{"line":11,"column":88}},"2":{"start":{"line":15,"column":8},"end":{"line":18,"column":9}},"3":{"start":{"line":16,"column":43},"end":{"line":16,"column":58}},"4":{"start":{"line":17,"column":42},"end":{"line":17,"column":57}},"5":{"start":{"line":22,"column":8},"end":{"line":26,"column":10}},"6":{"start":{"line":24,"column":66},"end":{"line":24,"column":110}}},"fnMap":{"0":{"name":"(anonymous_0)","decl":{"start":{"line":8,"column":4},"end":{"line":8,"column":5}},"loc":{"start":{"line":8,"column":20},"end":{"line":12,"column":5}},"line":8},"1":{"name":"(anonymous_1)","decl":{"start":{"line":14,"column":4},"end":{"line":14,"column":5}},"loc":{"start":{"line":14,"column":21},"end":{"line":19,"column":5}},"line":14},"2":{"name":"(anonymous_2)","decl":{"start":{"line":21,"column":4},"end":{"line":21,"column":5}},"loc":{"start":{"line":21,"column":13},"end":{"line":27,"column":5}},"line":21},"3":{"name":"(anonymous_3)","decl":{"start":{"line":24,"column":60},"end":{"line":24,"column":61}},"loc":{"start":{"line":24,"column":66},"end":{"line":24,"column":110}},"line":24}},"branchMap":{"0":{"loc":{"start":{"line":11,"column":15},"end":{"line":11,"column":87}},"type":"cond-expr","locations":[{"start":{"line":11,"column":34},"end":{"line":11,"column":58}},{"start":{"line":11,"column":61},"end":{"line":11,"column":87}}],"line":11},"1":{"loc":{"start":{"line":15,"column":8},"end":{"line":18,"column":9}},"type":"switch","locations":[{"start":{"line":16,"column":12},"end":{"line":16,"column":58}},{"start":{"line":17,"column":12},"end":{"line":17,"column":57}}],"line":15}},"s":{"0":18,"1":18,"2":18,"3":9,"4":9,"5":18,"6":1},"f":{"0":18,"1":18,"2":18,"3":1},"b":{"0":[9,9],"1":[9,9]},"_coverageSchema":"43e27e138ebf9cfc5966b082cf9a028302ed4184","hash":"caaa0e27feb1469728bd116a57ce3c47f0b9604b"}
,"C:\\Custom\\Mine\\ReactJSMentoringProgram\\Homework\\react-mentoring-program\\client\\src\\components\\SearchFilter\\SearchFilterList.jsx": {"path":"C:\\Custom\\Mine\\ReactJSMentoringProgram\\Homework\\react-mentoring-program\\client\\src\\components\\SearchFilter\\SearchFilterList.jsx","statementMap":{"0":{"start":{"line":7,"column":25},"end":{"line":23,"column":3}},"1":{"start":{"line":8,"column":26},"end":{"line":15,"column":6}},"2":{"start":{"line":9,"column":6},"end":{"line":14,"column":7}},"3":{"start":{"line":17,"column":4},"end":{"line":22,"column":6}},"4":{"start":{"line":25,"column":2},"end":{"line":28,"column":4}}},"fnMap":{"0":{"name":"(anonymous_0)","decl":{"start":{"line":7,"column":25},"end":{"line":7,"column":26}},"loc":{"start":{"line":7,"column":57},"end":{"line":23,"column":3}},"line":7},"1":{"name":"(anonymous_1)","decl":{"start":{"line":8,"column":64},"end":{"line":8,"column":65}},"loc":{"start":{"line":9,"column":6},"end":{"line":14,"column":7}},"line":9}},"branchMap":{},"s":{"0":2,"1":8,"2":16,"3":8,"4":2},"f":{"0":8,"1":16},"b":{},"_coverageSchema":"43e27e138ebf9cfc5966b082cf9a028302ed4184","hash":"e7be721cc924fbf2c46db8dbbbff514d7371db63"}
,"C:\\Custom\\Mine\\ReactJSMentoringProgram\\Homework\\react-mentoring-program\\client\\src\\components\\SearchFilter\\searchFilterType.js": {"path":"C:\\Custom\\Mine\\ReactJSMentoringProgram\\Homework\\react-mentoring-program\\client\\src\\components\\SearchFilter\\searchFilterType.js","statementMap":{"0":{"start":{"line":3,"column":27},"end":{"line":6,"column":4}}},"fnMap":{},"branchMap":{},"s":{"0":3},"f":{},"b":{},"_coverageSchema":"43e27e138ebf9cfc5966b082cf9a028302ed4184","hash":"b59fb25cbab75eb6d9b63985195bac1b47d8f723"}
,"C:\\Custom\\Mine\\ReactJSMentoringProgram\\Homework\\react-mentoring-program\\client\\src\\components\\Sort\\SortOption.jsx": {"path":"C:\\Custom\\Mine\\ReactJSMentoringProgram\\Homework\\react-mentoring-program\\client\\src\\components\\Sort\\SortOption.jsx","statementMap":{"0":{"start":{"line":9,"column":37},"end":{"line":9,"column":87}},"1":{"start":{"line":11,"column":8},"end":{"line":11,"column":88}},"2":{"start":{"line":15,"column":8},"end":{"line":18,"column":9}},"3":{"start":{"line":16,"column":35},"end":{"line":16,"column":51}},"4":{"start":{"line":17,"column":40},"end":{"line":17,"column":62}},"5":{"start":{"line":22,"column":8},"end":{"line":26,"column":10}},"6":{"start":{"line":24,"column":66},"end":{"line":24,"column":114}}},"fnMap":{"0":{"name":"(anonymous_0)","decl":{"start":{"line":8,"column":4},"end":{"line":8,"column":5}},"loc":{"start":{"line":8,"column":20},"end":{"line":12,"column":5}},"line":8},"1":{"name":"(anonymous_1)","decl":{"start":{"line":14,"column":4},"end":{"line":14,"column":5}},"loc":{"start":{"line":14,"column":25},"end":{"line":19,"column":5}},"line":14},"2":{"name":"(anonymous_2)","decl":{"start":{"line":21,"column":4},"end":{"line":21,"column":5}},"loc":{"start":{"line":21,"column":13},"end":{"line":27,"column":5}},"line":21},"3":{"name":"(anonymous_3)","decl":{"start":{"line":24,"column":60},"end":{"line":24,"column":61}},"loc":{"start":{"line":24,"column":66},"end":{"line":24,"column":114}},"line":24}},"branchMap":{"0":{"loc":{"start":{"line":11,"column":15},"end":{"line":11,"column":87}},"type":"cond-expr","locations":[{"start":{"line":11,"column":38},"end":{"line":11,"column":60}},{"start":{"line":11,"column":63},"end":{"line":11,"column":87}}],"line":11},"1":{"loc":{"start":{"line":15,"column":8},"end":{"line":18,"column":9}},"type":"switch","locations":[{"start":{"line":16,"column":12},"end":{"line":16,"column":51}},{"start":{"line":17,"column":12},"end":{"line":17,"column":62}}],"line":15}},"s":{"0":13,"1":13,"2":13,"3":6,"4":7,"5":13,"6":1},"f":{"0":13,"1":13,"2":13,"3":1},"b":{"0":[6,7],"1":[6,7]},"_coverageSchema":"43e27e138ebf9cfc5966b082cf9a028302ed4184","hash":"dc1be18f02eb718e90974e5025538b3fc92a31ec"}
,"C:\\Custom\\Mine\\ReactJSMentoringProgram\\Homework\\react-mentoring-program\\client\\src\\components\\Sort\\SortOptionsList.jsx": {"path":"C:\\Custom\\Mine\\ReactJSMentoringProgram\\Homework\\react-mentoring-program\\client\\src\\components\\Sort\\SortOptionsList.jsx","statementMap":{"0":{"start":{"line":10,"column":24},"end":{"line":26,"column":3}},"1":{"start":{"line":11,"column":24},"end":{"line":18,"column":6}},"2":{"start":{"line":12,"column":6},"end":{"line":17,"column":7}},"3":{"start":{"line":20,"column":4},"end":{"line":25,"column":6}},"4":{"start":{"line":28,"column":2},"end":{"line":31,"column":4}}},"fnMap":{"0":{"name":"(anonymous_0)","decl":{"start":{"line":10,"column":24},"end":{"line":10,"column":25}},"loc":{"start":{"line":10,"column":67},"end":{"line":26,"column":3}},"line":10},"1":{"name":"(anonymous_1)","decl":{"start":{"line":11,"column":53},"end":{"line":11,"column":54}},"loc":{"start":{"line":12,"column":6},"end":{"line":17,"column":7}},"line":12}},"branchMap":{},"s":{"0":2,"1":4,"2":8,"3":4,"4":2},"f":{"0":4,"1":8},"b":{},"_coverageSchema":"43e27e138ebf9cfc5966b082cf9a028302ed4184","hash":"19ef78eda0d6b534c04733f18f030fcdf4f85ef9"}
,"C:\\Custom\\Mine\\ReactJSMentoringProgram\\Homework\\react-mentoring-program\\client\\src\\components\\Sort\\sortType.js": {"path":"C:\\Custom\\Mine\\ReactJSMentoringProgram\\Homework\\react-mentoring-program\\client\\src\\components\\Sort\\sortType.js","statementMap":{"0":{"start":{"line":3,"column":18},"end":{"line":6,"column":2}}},"fnMap":{},"branchMap":{},"s":{"0":3},"f":{},"b":{},"_coverageSchema":"43e27e138ebf9cfc5966b082cf9a028302ed4184","hash":"12f487e18351ddcc45711baf61570591432a6276"}
}
