TN:
SF:C:\Custom\Mine\ReactJSMentoringProgram\Homework\react-mentoring-program\client\src\index.jsx
FNF:0
FNH:0
DA:6,0
LF:1
LH:0
BRF:0
BRH:0
end_of_record
TN:
SF:C:\Custom\Mine\ReactJSMentoringProgram\Homework\react-mentoring-program\client\src\components\BackToSearch.jsx
FN:3,(anonymous_0)
FN:5,(anonymous_1)
FNF:2
FNH:1
FNDA:1,(anonymous_0)
FNDA:0,(anonymous_1)
DA:3,1
DA:4,1
DA:5,0
LF:3
LH:2
BRF:0
BRH:0
end_of_record
TN:
SF:C:\Custom\Mine\ReactJSMentoringProgram\Homework\react-mentoring-program\client\src\components\EmptyMoviesResults.jsx
FN:4,(anonymous_0)
FNF:1
FNH:1
FNDA:4,(anonymous_0)
DA:5,4
LF:1
LH:1
BRF:0
BRH:0
end_of_record
TN:
SF:C:\Custom\Mine\ReactJSMentoringProgram\Homework\react-mentoring-program\client\src\components\Movie.jsx
FN:8,(anonymous_0)
FN:9,(anonymous_1)
FNF:2
FNH:2
FNDA:24,(anonymous_0)
FNDA:2,(anonymous_1)
DA:8,2
DA:9,24
LF:2
LH:2
BRF:0
BRH:0
end_of_record
TN:
SF:C:\Custom\Mine\ReactJSMentoringProgram\Homework\react-mentoring-program\client\src\components\MovieDetails.jsx
FN:7,(anonymous_0)
FNF:1
FNH:1
FNDA:2,(anonymous_0)
DA:8,2
LF:1
LH:1
BRF:0
BRH:0
end_of_record
TN:
SF:C:\Custom\Mine\ReactJSMentoringProgram\Homework\react-mentoring-program\client\src\components\MoviePage.jsx
FN:6,(anonymous_0)
FNF:1
FNH:1
FNDA:1,(anonymous_0)
DA:7,1
LF:1
LH:1
BRF:0
BRH:0
end_of_record
TN:
SF:C:\Custom\Mine\ReactJSMentoringProgram\Homework\react-mentoring-program\client\src\components\MoviesContainer.jsx
FN:11,(anonymous_0)
FN:23,(anonymous_1)
FN:29,(anonymous_2)
FN:34,(anonymous_3)
FN:43,(anonymous_4)
FN:47,(anonymous_5)
FN:51,(anonymous_6)
FN:61,(anonymous_7)
FN:71,(anonymous_8)
FN:74,(anonymous_9)
FN:77,(anonymous_10)
FN:77,(anonymous_11)
FN:84,(anonymous_12)
FN:91,(anonymous_13)
FN:93,(anonymous_14)
FN:93,(anonymous_15)
FN:96,(anonymous_16)
FNF:17
FNH:11
FNDA:3,(anonymous_0)
FNDA:3,(anonymous_1)
FNDA:0,(anonymous_2)
FNDA:0,(anonymous_3)
FNDA:42,(anonymous_4)
FNDA:0,(anonymous_5)
FNDA:4,(anonymous_6)
FNDA:0,(anonymous_7)
FNDA:1,(anonymous_8)
FNDA:7,(anonymous_9)
FNDA:0,(anonymous_10)
FNDA:0,(anonymous_11)
FNDA:1,(anonymous_12)
FNDA:1,(anonymous_13)
FNDA:7,(anonymous_14)
FNDA:7,(anonymous_15)
FNDA:8,(anonymous_16)
DA:12,3
DA:13,3
DA:24,3
DA:30,0
DA:31,0
DA:35,0
DA:36,0
DA:38,0
DA:44,42
DA:48,0
DA:52,4
DA:54,0
DA:57,4
DA:62,0
DA:63,0
DA:65,0
DA:72,1
DA:73,1
DA:74,7
DA:76,0
DA:77,0
DA:79,1
DA:85,1
DA:92,1
DA:93,7
DA:97,8
DA:98,0
DA:103,8
DA:105,7
DA:117,1
LF:30
LH:17
BRDA:35,0,0,0
BRDA:35,0,1,0
BRDA:52,1,0,0
BRDA:52,1,1,4
BRDA:52,1,2,4
BRDA:62,2,0,0
BRDA:62,2,1,0
BRDA:73,3,0,1
BRDA:73,3,1,0
BRDA:76,4,0,0
BRDA:76,4,1,0
BRDA:92,5,0,0
BRDA:92,5,1,1
BRDA:93,6,0,7
BRDA:93,6,1,2
BRDA:97,7,0,0
BRDA:97,7,1,8
BRDA:103,8,0,7
BRDA:103,8,1,1
BRF:19
BRH:9
end_of_record
TN:
SF:C:\Custom\Mine\ReactJSMentoringProgram\Homework\react-mentoring-program\client\src\components\MoviesList.jsx
FN:4,(anonymous_0)
FN:5,(anonymous_1)
FNF:2
FNH:2
FNDA:4,(anonymous_0)
FNDA:22,(anonymous_1)
DA:4,1
DA:5,22
LF:2
LH:2
BRF:0
BRH:0
end_of_record
TN:
SF:C:\Custom\Mine\ReactJSMentoringProgram\Homework\react-mentoring-program\client\src\components\MoviesResults.jsx
FN:8,(anonymous_0)
FNF:1
FNH:1
FNDA:7,(anonymous_0)
DA:9,7
LF:1
LH:1
BRDA:12,0,0,4
BRDA:12,0,1,3
BRF:2
BRH:2
end_of_record
TN:
SF:C:\Custom\Mine\ReactJSMentoringProgram\Homework\react-mentoring-program\client\src\components\MoviesSummary.jsx
FN:6,(anonymous_0)
FNF:1
FNH:1
FNDA:3,(anonymous_0)
DA:7,3
LF:1
LH:1
BRF:0
BRH:0
end_of_record
TN:
SF:C:\Custom\Mine\ReactJSMentoringProgram\Homework\react-mentoring-program\client\src\components\SearchContainer.jsx
FN:7,(anonymous_0)
FN:13,(anonymous_1)
FN:20,(anonymous_2)
FN:24,(anonymous_3)
FNF:4
FNH:3
FNDA:0,(anonymous_0)
FNDA:7,(anonymous_1)
FNDA:12,(anonymous_2)
FNDA:1,(anonymous_3)
DA:4,1
DA:8,0
DA:9,0
DA:14,7
DA:20,12
DA:24,1
LF:6
LH:4
BRDA:8,0,0,0
BRDA:8,0,1,0
BRF:2
BRH:0
end_of_record
TN:
SF:C:\Custom\Mine\ReactJSMentoringProgram\Homework\react-mentoring-program\client\src\components\SearchFilter\SearchFilter.jsx
FN:8,(anonymous_0)
FN:14,(anonymous_1)
FN:21,(anonymous_2)
FN:24,(anonymous_3)
FNF:4
FNH:4
FNDA:18,(anonymous_0)
FNDA:18,(anonymous_1)
FNDA:18,(anonymous_2)
FNDA:1,(anonymous_3)
DA:9,18
DA:11,18
DA:15,18
DA:16,9
DA:17,9
DA:22,18
DA:24,1
LF:7
LH:7
BRDA:11,0,0,9
BRDA:11,0,1,9
BRDA:15,1,0,9
BRDA:15,1,1,9
BRF:4
BRH:4
end_of_record
TN:
SF:C:\Custom\Mine\ReactJSMentoringProgram\Homework\react-mentoring-program\client\src\components\SearchFilter\SearchFilterList.jsx
FN:7,(anonymous_0)
FN:8,(anonymous_1)
FNF:2
FNH:2
FNDA:8,(anonymous_0)
FNDA:16,(anonymous_1)
DA:7,2
DA:8,8
DA:9,16
DA:17,8
DA:25,2
LF:5
LH:5
BRF:0
BRH:0
end_of_record
TN:
SF:C:\Custom\Mine\ReactJSMentoringProgram\Homework\react-mentoring-program\client\src\components\SearchFilter\searchFilterType.js
FNF:0
FNH:0
DA:3,3
LF:1
LH:1
BRF:0
BRH:0
end_of_record
TN:
SF:C:\Custom\Mine\ReactJSMentoringProgram\Homework\react-mentoring-program\client\src\components\Sort\SortOption.jsx
FN:8,(anonymous_0)
FN:14,(anonymous_1)
FN:21,(anonymous_2)
FN:24,(anonymous_3)
FNF:4
FNH:4
FNDA:13,(anonymous_0)
FNDA:13,(anonymous_1)
FNDA:13,(anonymous_2)
FNDA:1,(anonymous_3)
DA:9,13
DA:11,13
DA:15,13
DA:16,6
DA:17,7
DA:22,13
DA:24,1
LF:7
LH:7
BRDA:11,0,0,6
BRDA:11,0,1,7
BRDA:15,1,0,6
BRDA:15,1,1,7
BRF:4
BRH:4
end_of_record
TN:
SF:C:\Custom\Mine\ReactJSMentoringProgram\Homework\react-mentoring-program\client\src\components\Sort\SortOptionsList.jsx
FN:10,(anonymous_0)
FN:11,(anonymous_1)
FNF:2
FNH:2
FNDA:4,(anonymous_0)
FNDA:8,(anonymous_1)
DA:10,2
DA:11,4
DA:12,8
DA:20,4
DA:28,2
LF:5
LH:5
BRF:0
BRH:0
end_of_record
TN:
SF:C:\Custom\Mine\ReactJSMentoringProgram\Homework\react-mentoring-program\client\src\components\Sort\sortType.js
FNF:0
FNH:0
DA:3,3
LF:1
LH:1
BRF:0
BRH:0
end_of_record
